<?xml version='1.0' encoding='UTF-8'?>
<testsuite hostname="caihao-Legion-5-Pro" name="stackoverflow.StackOverflowSuite" tests="1" errors="0" failures="0" skipped="0" time="0.088" timestamp="2022-01-05T16:29:53">
                     <properties>
[...]
</properties>
                     <testcase classname="stackoverflow.StackOverflowSuite" name="testObject can be instantiated" time="0.088">
                                                 
                                               </testcase>
                     <system-out><![CDATA[]]></system-out>
                     <system-err><![CDATA[]]></system-err>
                   </testsuite>